<?xml version="1.0" encoding="utf-8"?><testsuites name="pytest tests"><testsuite name="pytest" errors="0" failures="0" skipped="0" tests="13" time="18.044" timestamp="2026-05-11T04:54:14.244293+00:00" hostname="agent-env-854b3e97-d05f-4cfe-a056-85c22a42f5f5"><testcase classname="tests.test_leaderboard_comps.TestLeaderboard" name="test_leaderboard_default" time="0.142" /><testcase classname="tests.test_leaderboard_comps.TestLeaderboard" name="test_leaderboard_item_shape" time="0.052" /><testcase classname="tests.test_leaderboard_comps.TestLeaderboard" name="test_leaderboard_sorted_desc" time="0.051" /><testcase classname="tests.test_leaderboard_comps.TestLeaderboard" name="test_leaderboard_limit_param" time="0.052" /><testcase classname="tests.test_leaderboard_comps.TestLeaderboard" name="test_leaderboard_period_week" time="0.051" /><testcase classname="tests.test_leaderboard_comps.TestComparables" name="test_comps_basic_shape" time="0.104" /><testcase classname="tests.test_leaderboard_comps.TestComparables" name="test_comps_item_fields" time="0.105" /><testcase classname="tests.test_leaderboard_comps.TestComparables" name="test_comps_bosque_fallback" time="0.103" /><testcase classname="tests.test_leaderboard_comps.TestComparables" name="test_comps_not_found" time="0.055" /><testcase classname="tests.test_leaderboard_comps.TestCadDiscover" name="test_discover_returns_search_url_and_label" time="16.573" /><testcase classname="tests.test_leaderboard_comps.TestCadDiscover" name="test_discover_presupported_county" time="0.529" /><testcase classname="tests.test_leaderboard_comps.TestCadJobs" name="test_list_cad_jobs" time="0.053" /><testcase classname="tests.test_leaderboard_comps.TestCadJobs" name="test_cad_job_not_found" time="0.054" /></testsuite></testsuites>