<?xml version="1.0" encoding="utf-8"?><testsuites name="pytest tests"><testsuite name="pytest" errors="0" failures="0" skipped="0" tests="45" time="78.825" timestamp="2026-05-11T16:51:47.136343+00:00" hostname="agent-env-854b3e97-d05f-4cfe-a056-85c22a42f5f5"><testcase classname="backend.tests.backend_test.TestHealthAndCounties" name="test_health" time="0.248" /><testcase classname="backend.tests.backend_test.TestHealthAndCounties" name="test_counties" time="0.066" /><testcase classname="backend.tests.backend_test.TestDashboard" name="test_dashboard_seed" time="0.102" /><testcase classname="backend.tests.backend_test.TestAuth" name="test_register_duplicate" time="0.371" /><testcase classname="backend.tests.backend_test.TestAuth" name="test_login_success" time="0.300" /><testcase classname="backend.tests.backend_test.TestAuth" name="test_login_invalid" time="0.286" /><testcase classname="backend.tests.backend_test.TestAuth" name="test_me_requires_auth" time="0.071" /><testcase classname="backend.tests.backend_test.TestAuth" name="test_me_with_token" time="0.076" /><testcase classname="backend.tests.backend_test.TestPropertySearch" name="test_search_no_filter" time="0.085" /><testcase classname="backend.tests.backend_test.TestPropertySearch" name="test_search_by_county" time="0.082" /><testcase classname="backend.tests.backend_test.TestPropertySearch" name="test_search_amount_range" time="0.075" /><testcase classname="backend.tests.backend_test.TestPropertySearch" name="test_search_query_text" time="0.069" /><testcase classname="backend.tests.backend_test.TestPropertySearch" name="test_search_pagination" time="0.073" /><testcase classname="backend.tests.backend_test.TestPropertyGet" name="test_get_single_property" time="0.138" /><testcase classname="backend.tests.backend_test.TestPropertyGet" name="test_get_property_not_found" time="0.066" /><testcase classname="backend.tests.backend_test.TestAI" name="test_ai_insights" time="0.135" /><testcase classname="backend.tests.backend_test.TestAI" name="test_nl_parse" time="3.630" /><testcase classname="backend.tests.backend_test.TestExport" name="test_export_csv" time="0.073" /><testcase classname="backend.tests.backend_test.TestSavedSearches" name="test_create_list_delete" time="0.301" /><testcase classname="backend.tests.backend_test.TestSavedSearches" name="test_requires_auth" time="0.069" /><testcase classname="backend.tests.backend_test.TestScraping" name="test_scrape_idempotent_hill" time="0.241" /><testcase classname="backend.tests.backend_test.TestScraping" name="test_list_scrape_jobs" time="0.148" /><testcase classname="backend.tests.test_cad.TestCadSources" name="test_cad_sources_returns_three_counties" time="0.138" /><testcase classname="backend.tests.test_cad.TestCadOverlayOnSeededProperties" name="test_all_properties_have_cad_search_url" time="0.073" /><testcase classname="backend.tests.test_cad.TestCadOverlayOnSeededProperties" name="test_hill_county_has_real_deed_references" time="0.050" /><testcase classname="backend.tests.test_cad.TestCadOverlayOnSeededProperties" name="test_mclennan_county_has_cad_value_overlay" time="0.052" /><testcase classname="backend.tests.test_cad.TestCadOverlayOnSeededProperties" name="test_bosque_county_appraised_values_present" time="0.052" /><testcase classname="backend.tests.test_cad.TestCadEnrichSingle" name="test_cad_enrich_returns_200_with_metadata" time="4.134" /><testcase classname="backend.tests.test_cad.TestCadEnrichSingle" name="test_cad_enrich_not_found" time="0.049" /><testcase classname="backend.tests.test_cad.TestCadEnrichSingle" name="test_cad_enrich_persists" time="3.599" /><testcase classname="backend.tests.test_cad.TestCadBulkEnrich" name="test_bulk_enrich_returns_job_id_immediately" time="45.629" /><testcase classname="backend.tests.test_cad.TestPropertyModelWithCadFields" name="test_single_property_returns_all_cad_fields" time="0.100" /><testcase classname="backend.tests.test_leaderboard_comps.TestLeaderboard" name="test_leaderboard_default" time="0.146" /><testcase classname="backend.tests.test_leaderboard_comps.TestLeaderboard" name="test_leaderboard_item_shape" time="0.061" /><testcase classname="backend.tests.test_leaderboard_comps.TestLeaderboard" name="test_leaderboard_sorted_desc" time="0.064" /><testcase classname="backend.tests.test_leaderboard_comps.TestLeaderboard" name="test_leaderboard_limit_param" time="0.061" /><testcase classname="backend.tests.test_leaderboard_comps.TestLeaderboard" name="test_leaderboard_period_week" time="0.062" /><testcase classname="backend.tests.test_leaderboard_comps.TestComparables" name="test_comps_basic_shape" time="0.124" /><testcase classname="backend.tests.test_leaderboard_comps.TestComparables" name="test_comps_item_fields" time="0.135" /><testcase classname="backend.tests.test_leaderboard_comps.TestComparables" name="test_comps_bosque_fallback" time="0.125" /><testcase classname="backend.tests.test_leaderboard_comps.TestComparables" name="test_comps_not_found" time="0.061" /><testcase classname="backend.tests.test_leaderboard_comps.TestCadDiscover" name="test_discover_returns_search_url_and_label" time="16.542" /><testcase classname="backend.tests.test_leaderboard_comps.TestCadDiscover" name="test_discover_presupported_county" time="0.651" /><testcase classname="backend.tests.test_leaderboard_comps.TestCadJobs" name="test_list_cad_jobs" time="0.063" /><testcase classname="backend.tests.test_leaderboard_comps.TestCadJobs" name="test_cad_job_not_found" time="0.061" /></testsuite></testsuites>