<?xml version="1.0" encoding="utf-8"?><testsuites name="pytest tests"><testsuite name="pytest" errors="0" failures="0" skipped="0" tests="22" time="5.888" timestamp="2026-05-11T04:55:30.717720+00:00" hostname="agent-env-854b3e97-d05f-4cfe-a056-85c22a42f5f5"><testcase classname="tests.backend_test.TestHealthAndCounties" name="test_health" time="0.170" /><testcase classname="tests.backend_test.TestHealthAndCounties" name="test_counties" time="0.054" /><testcase classname="tests.backend_test.TestDashboard" name="test_dashboard_seed" time="0.053" /><testcase classname="tests.backend_test.TestAuth" name="test_register_duplicate" time="0.319" /><testcase classname="tests.backend_test.TestAuth" name="test_login_success" time="0.265" /><testcase classname="tests.backend_test.TestAuth" name="test_login_invalid" time="0.276" /><testcase classname="tests.backend_test.TestAuth" name="test_me_requires_auth" time="0.042" /><testcase classname="tests.backend_test.TestAuth" name="test_me_with_token" time="0.083" /><testcase classname="tests.backend_test.TestPropertySearch" name="test_search_no_filter" time="0.048" /><testcase classname="tests.backend_test.TestPropertySearch" name="test_search_by_county" time="0.056" /><testcase classname="tests.backend_test.TestPropertySearch" name="test_search_amount_range" time="0.045" /><testcase classname="tests.backend_test.TestPropertySearch" name="test_search_query_text" time="0.043" /><testcase classname="tests.backend_test.TestPropertySearch" name="test_search_pagination" time="0.042" /><testcase classname="tests.backend_test.TestPropertyGet" name="test_get_single_property" time="0.088" /><testcase classname="tests.backend_test.TestPropertyGet" name="test_get_property_not_found" time="0.064" /><testcase classname="tests.backend_test.TestAI" name="test_ai_insights" time="0.092" /><testcase classname="tests.backend_test.TestAI" name="test_nl_parse" time="3.288" /><testcase classname="tests.backend_test.TestExport" name="test_export_csv" time="0.048" /><testcase classname="tests.backend_test.TestSavedSearches" name="test_create_list_delete" time="0.476" /><testcase classname="tests.backend_test.TestSavedSearches" name="test_requires_auth" time="0.041" /><testcase classname="tests.backend_test.TestScraping" name="test_scrape_idempotent_hill" time="0.177" /><testcase classname="tests.backend_test.TestScraping" name="test_list_scrape_jobs" time="0.044" /></testsuite></testsuites>