<?xml version="1.0" encoding="utf-8"?><testsuites name="pytest tests"><testsuite name="pytest" errors="0" failures="0" skipped="0" tests="15" time="133.698" timestamp="2026-05-11T16:54:59.262129+00:00" hostname="agent-env-854b3e97-d05f-4cfe-a056-85c22a42f5f5"><testcase classname="backend.tests.test_tax_office.TestTaxOfficeSources" name="test_sources_returns_seven_counties" time="19.624" /><testcase classname="backend.tests.test_tax_office.TestTaxOfficeSources" name="test_sources_have_slug_and_url" time="0.049" /><testcase classname="backend.tests.test_tax_office.TestTaxOfficeSources" name="test_sources_mclennan_slug" time="0.052" /><testcase classname="backend.tests.test_tax_office.TestBalanceCheck" name="test_balance_check_mclennan" time="12.525" /><testcase classname="backend.tests.test_tax_office.TestBalanceCheck" name="test_balance_check_hill_no_actweb" time="0.122" /><testcase classname="backend.tests.test_tax_office.TestBalanceCheck" name="test_balance_check_404" time="0.054" /><testcase classname="backend.tests.test_tax_office.TestBulkBalanceCheck" name="test_bulk_job_lifecycle" time="100.805" /><testcase classname="backend.tests.test_tax_office.TestBulkBalanceCheck" name="test_list_jobs" time="0.052" /><testcase classname="backend.tests.test_tax_office.TestBulkBalanceCheck" name="test_list_jobs_limit" time="0.047" /><testcase classname="backend.tests.test_tax_office.TestBulkBalanceCheck" name="test_job_status_404" time="0.050" /><testcase classname="backend.tests.test_tax_office.TestSearchNewFilters" name="test_min_current_balance_filter" time="0.064" /><testcase classname="backend.tests.test_tax_office.TestSearchNewFilters" name="test_min_current_balance_zero_includes_all" time="0.047" /><testcase classname="backend.tests.test_tax_office.TestSearchNewFilters" name="test_tax_status_current_due_accepted" time="0.044" /><testcase classname="backend.tests.test_tax_office.TestSearchNewFilters" name="test_tax_status_scheduled_for_sale_regression" time="0.053" /><testcase classname="backend.tests.test_tax_office.TestSearchNewFilters" name="test_tax_status_delinquent_accepted" time="0.047" /></testsuite></testsuites>