<?xml version="1.0" encoding="utf-8"?><testsuites name="pytest tests"><testsuite name="pytest" errors="0" failures="2" skipped="0" tests="11" time="1.086" timestamp="2026-05-11T16:51:12.920968+00:00" hostname="agent-env-854b3e97-d05f-4cfe-a056-85c22a42f5f5"><testcase classname="backend.tests.test_tax_office.TestTaxOfficeSources" name="test_sources_returns_seven_counties" time="0.208" /><testcase classname="backend.tests.test_tax_office.TestTaxOfficeSources" name="test_sources_have_slug_and_url" time="0.063" /><testcase classname="backend.tests.test_tax_office.TestBalanceCheck" name="test_balance_check_hill_no_actweb" time="0.142" /><testcase classname="backend.tests.test_tax_office.TestBalanceCheck" name="test_balance_check_404" time="0.066" /><testcase classname="backend.tests.test_tax_office.TestBulkBalanceCheck" name="test_list_jobs" time="0.066"><failure message="assert 0 &gt;= 1&#10; +  where 0 = len([])">backend/tests/test_tax_office.py:216: in test_list_jobs
    assert len(body["items"]) &gt;= 1
E   assert 0 &gt;= 1
E    +  where 0 = len([])</failure></testcase><testcase classname="backend.tests.test_tax_office.TestBulkBalanceCheck" name="test_list_jobs_limit" time="0.063" /><testcase classname="backend.tests.test_tax_office.TestBulkBalanceCheck" name="test_job_status_404" time="0.067" /><testcase classname="backend.tests.test_tax_office.TestSearchNewFilters" name="test_min_current_balance_filter" time="0.067" /><testcase classname="backend.tests.test_tax_office.TestSearchNewFilters" name="test_min_current_balance_zero_includes_all" time="0.062" /><testcase classname="backend.tests.test_tax_office.TestSearchNewFilters" name="test_tax_status_current_due_accepted" time="0.065" /><testcase classname="backend.tests.test_tax_office.TestSearchNewFilters" name="test_tax_status_delinquent_still_works" time="0.064"><failure message="assert 0 &gt;= 1">backend/tests/test_tax_office.py:287: in test_tax_status_delinquent_still_works
    assert body["total"] &gt;= 1
E   assert 0 &gt;= 1</failure></testcase></testsuite></testsuites>