<?xml version="1.0" encoding="utf-8"?><testsuites name="pytest tests"><testsuite name="pytest" errors="0" failures="0" skipped="0" tests="4" time="80.906" timestamp="2026-05-11T16:53:33.060790+00:00" hostname="agent-env-854b3e97-d05f-4cfe-a056-85c22a42f5f5"><testcase classname="backend.tests.test_tax_office.TestBulkBalanceCheck" name="test_bulk_job_lifecycle" time="80.684" /><testcase classname="backend.tests.test_tax_office.TestBulkBalanceCheck" name="test_list_jobs" time="0.052" /><testcase classname="backend.tests.test_tax_office.TestBulkBalanceCheck" name="test_list_jobs_limit" time="0.051" /><testcase classname="backend.tests.test_tax_office.TestBulkBalanceCheck" name="test_job_status_404" time="0.049" /></testsuite></testsuites>