<?xml version="1.0" encoding="utf-8"?><testsuites name="pytest tests"><testsuite name="pytest" errors="0" failures="0" skipped="0" tests="10" time="43.602" timestamp="2026-05-10T21:58:17.091662+00:00" hostname="agent-env-854b3e97-d05f-4cfe-a056-85c22a42f5f5"><testcase classname="backend.tests.test_cad.TestCadSources" name="test_cad_sources_returns_three_counties" time="0.120" /><testcase classname="backend.tests.test_cad.TestCadOverlayOnSeededProperties" name="test_all_properties_have_cad_search_url" time="0.065" /><testcase classname="backend.tests.test_cad.TestCadOverlayOnSeededProperties" name="test_hill_county_has_real_deed_references" time="0.049" /><testcase classname="backend.tests.test_cad.TestCadOverlayOnSeededProperties" name="test_mclennan_county_has_cad_value_overlay" time="0.049" /><testcase classname="backend.tests.test_cad.TestCadOverlayOnSeededProperties" name="test_bosque_county_appraised_values_present" time="0.046" /><testcase classname="backend.tests.test_cad.TestCadEnrichSingle" name="test_cad_enrich_returns_200_with_metadata" time="3.541" /><testcase classname="backend.tests.test_cad.TestCadEnrichSingle" name="test_cad_enrich_not_found" time="0.048" /><testcase classname="backend.tests.test_cad.TestCadEnrichSingle" name="test_cad_enrich_persists" time="3.296" /><testcase classname="backend.tests.test_cad.TestCadBulkEnrich" name="test_bulk_enrich_bosque_only" time="36.160" /><testcase classname="backend.tests.test_cad.TestPropertyModelWithCadFields" name="test_single_property_returns_all_cad_fields" time="0.145" /></testsuite></testsuites>